<?xml version="1.0" encoding="UTF-8"?>
<testsuites>
  <testsuite name="/var/www/phpunit.xml" tests="55" assertions="160" errors="0" failures="8" skipped="0" time="1.716331">
    <testsuite name="Unit" tests="1" assertions="1" errors="0" failures="0" skipped="0" time="0.005610">
      <testsuite name="Tests\Unit\ExampleTest" file="/var/www/tests/Unit/ExampleTest.php" tests="1" assertions="1" errors="0" failures="0" skipped="0" time="0.005610">
        <testcase name="test_example" file="/var/www/tests/Unit/ExampleTest.php" line="14" class="Tests\Unit\ExampleTest" classname="Tests.Unit.ExampleTest" assertions="1" time="0.005610"/>
      </testsuite>
    </testsuite>
    <testsuite name="Feature" tests="54" assertions="159" errors="0" failures="8" skipped="0" time="1.710721">
      <testsuite name="Tests\Feature\AuthTest" file="/var/www/tests/Feature/AuthTest.php" tests="5" assertions="12" errors="0" failures="0" skipped="0" time="0.649665">
        <testcase name="test_login_email_required" file="/var/www/tests/Feature/AuthTest.php" line="14" class="Tests\Feature\AuthTest" classname="Tests.Feature.AuthTest" assertions="2" time="0.369350"/>
        <testcase name="test_login_password_required" file="/var/www/tests/Feature/AuthTest.php" line="23" class="Tests\Feature\AuthTest" classname="Tests.Feature.AuthTest" assertions="2" time="0.012939"/>
        <testcase name="test_login_invalid_credentials" file="/var/www/tests/Feature/AuthTest.php" line="32" class="Tests\Feature\AuthTest" classname="Tests.Feature.AuthTest" assertions="2" time="0.220509"/>
        <testcase name="test_login_success" file="/var/www/tests/Feature/AuthTest.php" line="42" class="Tests\Feature\AuthTest" classname="Tests.Feature.AuthTest" assertions="3" time="0.035886"/>
        <testcase name="test_logout" file="/var/www/tests/Feature/AuthTest.php" line="56" class="Tests\Feature\AuthTest" classname="Tests.Feature.AuthTest" assertions="3" time="0.010981"/>
      </testsuite>
      <testsuite name="Tests\Feature\CommentAccessTest" file="/var/www/tests/Feature/CommentAccessTest.php" tests="3" assertions="11" errors="0" failures="1" skipped="0" time="0.044130">
        <testcase name="test_guest_cannot_post_comment" file="/var/www/tests/Feature/CommentAccessTest.php" line="15" class="Tests\Feature\CommentAccessTest" classname="Tests.Feature.CommentAccessTest" assertions="2" time="0.010623"/>
        <testcase name="test_logged_in_user_can_post_comment" file="/var/www/tests/Feature/CommentAccessTest.php" line="27" class="Tests\Feature\CommentAccessTest" classname="Tests.Feature.CommentAccessTest" assertions="1" time="0.023546">
          <failure type="PHPUnit\Framework\ExpectationFailedException">Tests\Feature\CommentAccessTest::test_logged_in_user_can_post_comment
Expected response status code [200] but received 302.
Failed asserting that 302 is identical to 200.

/var/www/vendor/laravel/framework/src/Illuminate/Testing/TestResponse.php:148
/var/www/tests/Feature/CommentAccessTest.php:37</failure>
        </testcase>
        <testcase name="test_comment_validation" file="/var/www/tests/Feature/CommentAccessTest.php" line="48" class="Tests\Feature\CommentAccessTest" classname="Tests.Feature.CommentAccessTest" assertions="8" time="0.009961"/>
      </testsuite>
      <testsuite name="Tests\Feature\CommentTest" file="/var/www/tests/Feature/CommentTest.php" tests="4" assertions="9" errors="0" failures="0" skipped="0" time="0.034702">
        <testcase name="test_guest_cannot_post_comment" file="/var/www/tests/Feature/CommentTest.php" line="15" class="Tests\Feature\CommentTest" classname="Tests.Feature.CommentTest" assertions="3" time="0.009035"/>
        <testcase name="test_comment_required_validation" file="/var/www/tests/Feature/CommentTest.php" line="23" class="Tests\Feature\CommentTest" classname="Tests.Feature.CommentTest" assertions="2" time="0.008201"/>
        <testcase name="test_comment_max_255_validation" file="/var/www/tests/Feature/CommentTest.php" line="33" class="Tests\Feature\CommentTest" classname="Tests.Feature.CommentTest" assertions="2" time="0.007961"/>
        <testcase name="test_comment_success" file="/var/www/tests/Feature/CommentTest.php" line="43" class="Tests\Feature\CommentTest" classname="Tests.Feature.CommentTest" assertions="2" time="0.009505"/>
      </testsuite>
      <testsuite name="Tests\Feature\ExampleTest" file="/var/www/tests/Feature/ExampleTest.php" tests="1" assertions="1" errors="0" failures="0" skipped="0" time="0.016168">
        <testcase name="test_example" file="/var/www/tests/Feature/ExampleTest.php" line="15" class="Tests\Feature\ExampleTest" classname="Tests.Feature.ExampleTest" assertions="1" time="0.016168"/>
      </testsuite>
      <testsuite name="Tests\Feature\FavoriteAccessTest" file="/var/www/tests/Feature/FavoriteAccessTest.php" tests="3" assertions="6" errors="0" failures="0" skipped="0" time="0.029567">
        <testcase name="test_guest_cannot_favorite" file="/var/www/tests/Feature/FavoriteAccessTest.php" line="15" class="Tests\Feature\FavoriteAccessTest" classname="Tests.Feature.FavoriteAccessTest" assertions="2" time="0.007386"/>
        <testcase name="test_logged_in_user_can_favorite" file="/var/www/tests/Feature/FavoriteAccessTest.php" line="24" class="Tests\Feature\FavoriteAccessTest" classname="Tests.Feature.FavoriteAccessTest" assertions="2" time="0.011529"/>
        <testcase name="test_logged_in_user_can_unfavorite" file="/var/www/tests/Feature/FavoriteAccessTest.php" line="40" class="Tests\Feature\FavoriteAccessTest" classname="Tests.Feature.FavoriteAccessTest" assertions="2" time="0.010653"/>
      </testsuite>
      <testsuite name="Tests\Feature\FavoriteTest" file="/var/www/tests/Feature/FavoriteTest.php" tests="1" assertions="4" errors="0" failures="0" skipped="0" time="0.010352">
        <testcase name="test_user_can_favorite_and_unfavorite" file="/var/www/tests/Feature/FavoriteTest.php" line="15" class="Tests\Feature\FavoriteTest" classname="Tests.Feature.FavoriteTest" assertions="4" time="0.010352"/>
      </testsuite>
      <testsuite name="Tests\Feature\ItemDetailTest" file="/var/www/tests/Feature/ItemDetailTest.php" tests="1" assertions="1" errors="0" failures="1" skipped="0" time="0.081603">
        <testcase name="test_item_detail_shows_required_fields" file="/var/www/tests/Feature/ItemDetailTest.php" line="16" class="Tests\Feature\ItemDetailTest" classname="Tests.Feature.ItemDetailTest" assertions="1" time="0.081603">
          <failure type="PHPUnit\Framework\ExpectationFailedException">Tests\Feature\ItemDetailTest::test_item_detail_shows_required_fields
Expected response status code [200] but received 500.
Failed asserting that 500 is identical to 200.

/var/www/vendor/laravel/framework/src/Illuminate/Testing/TestResponse.php:148
/var/www/vendor/laravel/framework/src/Illuminate/Testing/Concerns/AssertsStatusCodes.php:16
/var/www/tests/Feature/ItemDetailTest.php:37</failure>
        </testcase>
      </testsuite>
      <testsuite name="Tests\Feature\ItemsImageFallbackTest" file="/var/www/tests/Feature/ItemsImageFallbackTest.php" tests="2" assertions="4" errors="0" failures="1" skipped="0" time="0.037321">
        <testcase name="test_show_uses_no_image_when_image_path_is_null" file="/var/www/tests/Feature/ItemsImageFallbackTest.php" line="14" class="Tests\Feature\ItemsImageFallbackTest" classname="Tests.Feature.ItemsImageFallbackTest" assertions="1" time="0.026416">
          <failure type="PHPUnit\Framework\ExpectationFailedException">Tests\Feature\ItemsImageFallbackTest::test_show_uses_no_image_when_image_path_is_null
Expected response status code [200] but received 500.
Failed asserting that 500 is identical to 200.

/var/www/vendor/laravel/framework/src/Illuminate/Testing/TestResponse.php:148
/var/www/vendor/laravel/framework/src/Illuminate/Testing/Concerns/AssertsStatusCodes.php:16
/var/www/tests/Feature/ItemsImageFallbackTest.php:23</failure>
        </testcase>
        <testcase name="test_index_uses_no_image_when_image_path_is_null" file="/var/www/tests/Feature/ItemsImageFallbackTest.php" line="29" class="Tests\Feature\ItemsImageFallbackTest" classname="Tests.Feature.ItemsImageFallbackTest" assertions="3" time="0.010905"/>
      </testsuite>
      <testsuite name="Tests\Feature\ItemsIndexTest" file="/var/www/tests/Feature/ItemsIndexTest.php" tests="4" assertions="12" errors="0" failures="0" skipped="0" time="0.039768">
        <testcase name="test_guest_can_view_items_index" file="/var/www/tests/Feature/ItemsIndexTest.php" line="15" class="Tests\Feature\ItemsIndexTest" classname="Tests.Feature.ItemsIndexTest" assertions="2" time="0.008697"/>
        <testcase name="test_guest_does_not_see_favorite_button_on_index" file="/var/www/tests/Feature/ItemsIndexTest.php" line="25" class="Tests\Feature\ItemsIndexTest" classname="Tests.Feature.ItemsIndexTest" assertions="3" time="0.008028"/>
        <testcase name="test_index_paginates_seven_per_page" file="/var/www/tests/Feature/ItemsIndexTest.php" line="35" class="Tests\Feature\ItemsIndexTest" classname="Tests.Feature.ItemsIndexTest" assertions="5" time="0.013555"/>
        <testcase name="test_logged_in_user_sees_index_normally" file="/var/www/tests/Feature/ItemsIndexTest.php" line="64" class="Tests\Feature\ItemsIndexTest" classname="Tests.Feature.ItemsIndexTest" assertions="2" time="0.009488"/>
      </testsuite>
      <testsuite name="Tests\Feature\ItemsSearchFilterTest" file="/var/www/tests/Feature/ItemsSearchFilterTest.php" tests="1" assertions="3" errors="0" failures="0" skipped="0" time="0.009208">
        <testcase name="test_search_filters_items_by_keyword" file="/var/www/tests/Feature/ItemsSearchFilterTest.php" line="14" class="Tests\Feature\ItemsSearchFilterTest" classname="Tests.Feature.ItemsSearchFilterTest" assertions="3" time="0.009208"/>
      </testsuite>
      <testsuite name="Tests\Feature\ItemsShowCategoriesTest" file="/var/www/tests/Feature/ItemsShowCategoriesTest.php" tests="1" assertions="1" errors="0" failures="1" skipped="0" time="0.029339">
        <testcase name="test_multiple_categories_are_shown_on_item_detail" file="/var/www/tests/Feature/ItemsShowCategoriesTest.php" line="15" class="Tests\Feature\ItemsShowCategoriesTest" classname="Tests.Feature.ItemsShowCategoriesTest" assertions="1" time="0.029339">
          <failure type="PHPUnit\Framework\ExpectationFailedException">Tests\Feature\ItemsShowCategoriesTest::test_multiple_categories_are_shown_on_item_detail
Expected response status code [200] but received 500.
Failed asserting that 500 is identical to 200.

/var/www/vendor/laravel/framework/src/Illuminate/Testing/TestResponse.php:148
/var/www/vendor/laravel/framework/src/Illuminate/Testing/Concerns/AssertsStatusCodes.php:16
/var/www/tests/Feature/ItemsShowCategoriesTest.php:29</failure>
        </testcase>
      </testsuite>
      <testsuite name="Tests\Feature\ItemsShowCountsTest" file="/var/www/tests/Feature/ItemsShowCountsTest.php" tests="2" assertions="2" errors="0" failures="2" skipped="0" time="0.062353">
        <testcase name="test_favorite_count_increases_on_detail" file="/var/www/tests/Feature/ItemsShowCountsTest.php" line="15" class="Tests\Feature\ItemsShowCountsTest" classname="Tests.Feature.ItemsShowCountsTest" assertions="1" time="0.031454">
          <failure type="PHPUnit\Framework\ExpectationFailedException">Tests\Feature\ItemsShowCountsTest::test_favorite_count_increases_on_detail
Expected response status code [200] but received 500.
Failed asserting that 500 is identical to 200.

/var/www/vendor/laravel/framework/src/Illuminate/Testing/TestResponse.php:148
/var/www/vendor/laravel/framework/src/Illuminate/Testing/Concerns/AssertsStatusCodes.php:16
/var/www/tests/Feature/ItemsShowCountsTest.php:22</failure>
        </testcase>
        <testcase name="test_comment_count_increases_on_detail" file="/var/www/tests/Feature/ItemsShowCountsTest.php" line="36" class="Tests\Feature\ItemsShowCountsTest" classname="Tests.Feature.ItemsShowCountsTest" assertions="1" time="0.030899">
          <failure type="PHPUnit\Framework\ExpectationFailedException">Tests\Feature\ItemsShowCountsTest::test_comment_count_increases_on_detail
Expected response status code [200] but received 500.
Failed asserting that 500 is identical to 200.

/var/www/vendor/laravel/framework/src/Illuminate/Testing/TestResponse.php:148
/var/www/vendor/laravel/framework/src/Illuminate/Testing/Concerns/AssertsStatusCodes.php:16
/var/www/tests/Feature/ItemsShowCountsTest.php:43</failure>
        </testcase>
      </testsuite>
      <testsuite name="Tests\Feature\LoginLogoutTest" file="/var/www/tests/Feature/LoginLogoutTest.php" tests="4" assertions="18" errors="0" failures="0" skipped="0" time="0.267926">
        <testcase name="test_login_requires_email_and_password" file="/var/www/tests/Feature/LoginLogoutTest.php" line="13" class="Tests\Feature\LoginLogoutTest" classname="Tests.Feature.LoginLogoutTest" assertions="8" time="0.007656"/>
        <testcase name="test_login_with_wrong_credentials_shows_error" file="/var/www/tests/Feature/LoginLogoutTest.php" line="22" class="Tests\Feature\LoginLogoutTest" classname="Tests.Feature.LoginLogoutTest" assertions="2" time="0.215264"/>
        <testcase name="test_login_with_valid_credentials_succeeds" file="/var/www/tests/Feature/LoginLogoutTest.php" line="33" class="Tests\Feature\LoginLogoutTest" classname="Tests.Feature.LoginLogoutTest" assertions="5" time="0.030176"/>
        <testcase name="test_logout_succeeds" file="/var/www/tests/Feature/LoginLogoutTest.php" line="49" class="Tests\Feature\LoginLogoutTest" classname="Tests.Feature.LoginLogoutTest" assertions="3" time="0.014830"/>
      </testsuite>
      <testsuite name="Tests\Feature\MylistPaginationTest" file="/var/www/tests/Feature/MylistPaginationTest.php" tests="1" assertions="6" errors="0" failures="0" skipped="0" time="0.025294">
        <testcase name="test_mylist_paginates_seven_per_page" file="/var/www/tests/Feature/MylistPaginationTest.php" line="15" class="Tests\Feature\MylistPaginationTest" classname="Tests.Feature.MylistPaginationTest" assertions="6" time="0.025294"/>
      </testsuite>
      <testsuite name="Tests\Feature\PurchaseButtonVisibilityTest" file="/var/www/tests/Feature/PurchaseButtonVisibilityTest.php" tests="2" assertions="2" errors="0" failures="2" skipped="0" time="0.068340">
        <testcase name="test_guest_sees_button_but_redirects_to_login_when_click" file="/var/www/tests/Feature/PurchaseButtonVisibilityTest.php" line="14" class="Tests\Feature\PurchaseButtonVisibilityTest" classname="Tests.Feature.PurchaseButtonVisibilityTest" assertions="1" time="0.032104">
          <failure type="PHPUnit\Framework\ExpectationFailedException">Tests\Feature\PurchaseButtonVisibilityTest::test_guest_sees_button_but_redirects_to_login_when_click
Expected response status code [200] but received 500.
Failed asserting that 500 is identical to 200.

/var/www/vendor/laravel/framework/src/Illuminate/Testing/TestResponse.php:148
/var/www/vendor/laravel/framework/src/Illuminate/Testing/Concerns/AssertsStatusCodes.php:16
/var/www/tests/Feature/PurchaseButtonVisibilityTest.php:20</failure>
        </testcase>
        <testcase name="test_logged_in_user_can_see_and_access_purchase_page" file="/var/www/tests/Feature/PurchaseButtonVisibilityTest.php" line="30" class="Tests\Feature\PurchaseButtonVisibilityTest" classname="Tests.Feature.PurchaseButtonVisibilityTest" assertions="1" time="0.036236">
          <failure type="PHPUnit\Framework\ExpectationFailedException">Tests\Feature\PurchaseButtonVisibilityTest::test_logged_in_user_can_see_and_access_purchase_page
Expected response status code [200] but received 500.
Failed asserting that 500 is identical to 200.

/var/www/vendor/laravel/framework/src/Illuminate/Testing/TestResponse.php:148
/var/www/vendor/laravel/framework/src/Illuminate/Testing/Concerns/AssertsStatusCodes.php:16
/var/www/tests/Feature/PurchaseButtonVisibilityTest.php:38</failure>
        </testcase>
      </testsuite>
      <testsuite name="Tests\Feature\PurchasePageContentTest" file="/var/www/tests/Feature/PurchasePageContentTest.php" tests="2" assertions="7" errors="0" failures="0" skipped="0" time="0.018615">
        <testcase name="test_purchase_page_displays_key_content_for_logged_in_user" file="/var/www/tests/Feature/PurchasePageContentTest.php" line="15" class="Tests\Feature\PurchasePageContentTest" classname="Tests.Feature.PurchasePageContentTest" assertions="5" time="0.010911"/>
        <testcase name="test_guest_is_redirected_to_login_when_accessing_purchase_page" file="/var/www/tests/Feature/PurchasePageContentTest.php" line="33" class="Tests\Feature\PurchasePageContentTest" classname="Tests.Feature.PurchasePageContentTest" assertions="2" time="0.007704"/>
      </testsuite>
      <testsuite name="Tests\Feature\PurchasePostValidationTest" file="/var/www/tests/Feature/PurchasePostValidationTest.php" tests="2" assertions="5" errors="0" failures="0" skipped="0" time="0.016708">
        <testcase name="test_payment_method_is_required" file="/var/www/tests/Feature/PurchasePostValidationTest.php" line="15" class="Tests\Feature\PurchasePostValidationTest" classname="Tests.Feature.PurchasePostValidationTest" assertions="4" time="0.008698"/>
        <testcase name="test_purchase_post_success_with_valid_payment_method" file="/var/www/tests/Feature/PurchasePostValidationTest.php" line="31" class="Tests\Feature\PurchasePostValidationTest" classname="Tests.Feature.PurchasePostValidationTest" assertions="1" time="0.008010"/>
      </testsuite>
      <testsuite name="Tests\Feature\RegisterTest" file="/var/www/tests/Feature/RegisterTest.php" tests="6" assertions="14" errors="0" failures="0" skipped="0" time="0.173309">
        <testcase name="test_name_required" file="/var/www/tests/Feature/RegisterTest.php" line="14" class="Tests\Feature\RegisterTest" classname="Tests.Feature.RegisterTest" assertions="2" time="0.013215"/>
        <testcase name="test_email_required" file="/var/www/tests/Feature/RegisterTest.php" line="26" class="Tests\Feature\RegisterTest" classname="Tests.Feature.RegisterTest" assertions="2" time="0.006959"/>
        <testcase name="test_password_required" file="/var/www/tests/Feature/RegisterTest.php" line="38" class="Tests\Feature\RegisterTest" classname="Tests.Feature.RegisterTest" assertions="2" time="0.007185"/>
        <testcase name="test_password_min_8" file="/var/www/tests/Feature/RegisterTest.php" line="50" class="Tests\Feature\RegisterTest" classname="Tests.Feature.RegisterTest" assertions="2" time="0.007591"/>
        <testcase name="test_password_confirmation_must_match" file="/var/www/tests/Feature/RegisterTest.php" line="62" class="Tests\Feature\RegisterTest" classname="Tests.Feature.RegisterTest" assertions="2" time="0.007241"/>
        <testcase name="test_register_success" file="/var/www/tests/Feature/RegisterTest.php" line="73" class="Tests\Feature\RegisterTest" classname="Tests.Feature.RegisterTest" assertions="4" time="0.131119"/>
      </testsuite>
      <testsuite name="Tests\Feature\RegisterValidationTest" file="/var/www/tests/Feature/RegisterValidationTest.php" tests="4" assertions="23" errors="0" failures="0" skipped="0" time="0.040514">
        <testcase name="test_name_is_required" file="/var/www/tests/Feature/RegisterValidationTest.php" line="12" class="Tests\Feature\RegisterValidationTest" classname="Tests.Feature.RegisterValidationTest" assertions="4" time="0.007716"/>
        <testcase name="test_email_is_required" file="/var/www/tests/Feature/RegisterValidationTest.php" line="27" class="Tests\Feature\RegisterValidationTest" classname="Tests.Feature.RegisterValidationTest" assertions="4" time="0.007342"/>
        <testcase name="test_password_is_required_and_min_8_and_confirmed" file="/var/www/tests/Feature/RegisterValidationTest.php" line="41" class="Tests\Feature\RegisterValidationTest" classname="Tests.Feature.RegisterValidationTest" assertions="12" time="0.010037"/>
        <testcase name="test_success_register_redirects_to_login" file="/var/www/tests/Feature/RegisterValidationTest.php" line="65" class="Tests\Feature\RegisterValidationTest" classname="Tests.Feature.RegisterValidationTest" assertions="3" time="0.015419"/>
      </testsuite>
      <testsuite name="Tests\Feature\SearchStateKeepTest" file="/var/www/tests/Feature/SearchStateKeepTest.php" tests="1" assertions="4" errors="0" failures="0" skipped="0" time="0.013489">
        <testcase name="test_keyword_kept_when_switching_to_mylist_tab" file="/var/www/tests/Feature/SearchStateKeepTest.php" line="14" class="Tests\Feature\SearchStateKeepTest" classname="Tests.Feature.SearchStateKeepTest" assertions="4" time="0.013489"/>
      </testsuite>
      <testsuite name="Tests\Feature\SearchTest" file="/var/www/tests/Feature/SearchTest.php" tests="2" assertions="5" errors="0" failures="0" skipped="0" time="0.017653">
        <testcase name="test_search_by_name_like" file="/var/www/tests/Feature/SearchTest.php" line="14" class="Tests\Feature\SearchTest" classname="Tests.Feature.SearchTest" assertions="3" time="0.009518"/>
        <testcase name="test_keyword_is_kept_on_mylist_tab" file="/var/www/tests/Feature/SearchTest.php" line="25" class="Tests\Feature\SearchTest" classname="Tests.Feature.SearchTest" assertions="2" time="0.008135"/>
      </testsuite>
      <testsuite name="Tests\Feature\SoldLabelTest" file="/var/www/tests/Feature/SoldLabelTest.php" tests="2" assertions="9" errors="0" failures="0" skipped="0" time="0.024697">
        <testcase name="test_index_shows_sold_label_for_purchased_items" file="/var/www/tests/Feature/SoldLabelTest.php" line="15" class="Tests\Feature\SoldLabelTest" classname="Tests.Feature.SoldLabelTest" assertions="5" time="0.013458"/>
        <testcase name="test_mylist_shows_sold_label_too" file="/var/www/tests/Feature/SoldLabelTest.php" line="37" class="Tests\Feature\SoldLabelTest" classname="Tests.Feature.SoldLabelTest" assertions="4" time="0.011239"/>
      </testsuite>
    </testsuite>
  </testsuite>
</testsuites>
